2024-10-20 21:07:48 INFO: DataBase Server started on port 50052
2024-10-21 15:11:47 INFO: DataBase Server started on port 50052
2024-10-21 15:18:42 INFO: DataBase Server started on port 50052
2024-10-21 15:19:29 INFO: DataBase Server started on port 50052
2024-10-21 15:23:33 INFO: DataBase Server started on port 50052
2024-10-21 15:27:04 INFO: DataBase Server started on port 50052
2024-10-21 15:29:26 INFO: Delete Success 5
2024-10-21 19:49:46 INFO: DataBase Server started on port 50052
2024-10-21 20:12:53 INFO: DataBase Server started on port 50052
2024-10-21 20:33:01 INFO: DataBase Server started on port 50052
2024-10-21 20:40:34 INFO: DataBase Server started on port 50052
2024-10-21 21:44:17 INFO: DataBase Server started on port 50052
2024-10-22 00:24:52 INFO: DataBase Server started on port 50052
2024-10-22 01:56:31 INFO: Success: Dropped course with ID 3
2024-10-22 01:57:29 INFO: Success: Enrolled in course with ID 2
2024-10-22 01:59:31 INFO: Success: Dropped course with ID 3
2024-10-22 02:01:16 INFO: Success: Dropped course with ID 3
2024-10-22 02:02:05 INFO: Success: Dropped course with ID 3
2024-10-22 09:24:03 INFO: DataBase Server started on port 50052
2024-10-22 09:29:32 INFO: Success: Dropped course with ID 5
2024-10-22 09:29:53 INFO: Delete Success 7
2024-10-22 09:58:46 INFO: DataBase Server started on port 50052
2024-10-22 10:09:53 INFO: DataBase Server started on port 50052
2024-10-22 10:30:34 INFO: DataBase Server started on port 50052
2024-10-22 10:43:18 INFO: DataBase Server started on port 50052
2024-10-25 13:29:15 INFO: DataBase Server started on port 50052
2024-10-25 13:29:37 INFO: Join Success 6
2024-10-25 14:15:37 INFO: Delete Success 6
2024-10-25 14:16:11 INFO: Delete Success 3
2024-10-25 14:20:07 INFO: Join Success 6
2024-10-25 14:20:16 INFO: Delete Success 6
2024-10-25 14:22:21 INFO: Join Success 6
2024-10-25 14:22:26 INFO: Delete Success 6
2024-10-25 14:23:32 INFO: Join Success 6
2024-10-25 14:23:37 INFO: Delete Success 6
2024-10-25 14:31:24 INFO: Join Success 3
2024-10-25 14:32:18 INFO: Success: Enrolled in course with ID 12345
2024-10-25 14:55:38 INFO: Success: Dropped course with ID 17652
2024-10-25 14:56:04 INFO: Success: Dropped course with ID 4
2024-10-25 15:08:57 INFO: Success: Added course with ID 6
2024-10-25 15:09:17 INFO: Success: Added course with ID 7
2024-10-25 15:22:24 WARNING: Error: Duplicate entry for courseId 7
2024-10-25 15:23:01 INFO: Success: Deleted course with ID 7
2024-10-25 15:26:28 INFO: Success: Dropped course with ID 12345
