10월 11, 2024 5:06:01 오후 io.grpc.login.Server.LoginServer start
INFO: Server started, listening on 50051
2024-10-11 22:37:43 INFO: Server started, listening on 50051
2024-10-11 22:38:01 INFO: Server started, listening on 50051
2024-10-11 22:38:44 INFO: Server started, listening on 50051
10월 18, 2024 10:28:29 오후 io.grpc.login.Server.LoginServer start
INFO: Server started, listening on 50051dddd
2024-10-18 22:30:33 INFO: Server started, listening on 50051dddd
2024-10-18 22:34:07 INFO: Server started, listening on 50051
2024-10-18 22:34:18 INFO: 1 login
2024-10-20 21:07:43 INFO: Server started, listening on 50051
2024-10-21 15:11:55 INFO: Server started, listening on 50051
2024-10-21 15:18:22 INFO: Server started, listening on 50051
2024-10-21 15:18:36 INFO: Server started, listening on 50051
2024-10-21 15:19:49 INFO: Server started, listening on 50051
2024-10-21 15:22:04 INFO: Server started, listening on 50051
2024-10-21 15:23:23 INFO: Server started, listening on 50051
2024-10-21 15:26:57 INFO: Server started, listening on 50051
2024-10-21 15:29:06 INFO: Server started, listening on 50051
2024-10-21 15:29:15 INFO: 1 login
2024-10-21 19:49:42 INFO: Server started, listening on 50051
2024-10-21 19:56:07 INFO: Server started, listening on 50051
2024-10-21 19:56:56 INFO: Server started, listening on 50051
2024-10-21 19:59:07 INFO: Server started, listening on 50051
2024-10-21 20:08:39 INFO: Server started, listening on 50051
2024-10-21 20:12:55 INFO: Server started, listening on 50051
2024-10-21 20:17:49 INFO: Server started, listening on 50051
2024-10-21 20:17:53 INFO: 1 login
2024-10-21 20:29:34 INFO: Server started, listening on 50051
2024-10-21 20:30:20 INFO: 1 login
2024-10-21 20:30:41 INFO: 1 login
2024-10-21 20:31:20 INFO: Server started, listening on 50051
2024-10-21 20:31:26 INFO: 1 login
2024-10-21 20:32:11 INFO: 1 login
2024-10-21 20:32:12 INFO: 1 login
2024-10-21 20:32:55 INFO: Server started, listening on 50051
2024-10-21 20:33:06 INFO: 1 login
2024-10-21 20:33:37 INFO: Server started, listening on 50051
2024-10-21 20:33:43 INFO: 1 login
2024-10-21 20:34:03 INFO: 1 login
2024-10-21 20:34:40 INFO: Server started, listening on 50051
2024-10-21 20:34:44 INFO: 1 login
2024-10-21 20:35:26 INFO: Server started, listening on 50051
2024-10-21 20:35:41 INFO: 1 login
2024-10-21 20:36:04 INFO: Server started, listening on 50051
2024-10-21 20:36:13 INFO: 1 login
2024-10-21 20:37:09 INFO: 1 login
2024-10-21 20:37:17 INFO: Server started, listening on 50051
2024-10-21 20:37:22 INFO: 1 login
2024-10-21 20:37:30 INFO: 1 login
2024-10-21 20:39:57 INFO: Server started, listening on 50051
2024-10-21 20:40:04 INFO: 1 login
2024-10-21 20:40:26 INFO: Server started, listening on 50051
2024-10-21 20:40:41 INFO: 1 login
2024-10-21 21:14:39 INFO: 1 login
2024-10-21 21:25:58 INFO: 1 login
2024-10-21 21:44:25 INFO: Server started, listening on 50051
2024-10-21 21:44:55 INFO: 1 login
2024-10-21 22:39:44 INFO: 3 login
2024-10-21 22:40:53 INFO: Server started, listening on 50051
2024-10-22 00:19:06 INFO: 1 login
2024-10-22 00:19:14 INFO: 3 login
2024-10-22 00:25:33 INFO: Server started, listening on 50051
2024-10-22 00:26:10 INFO: 3 login
2024-10-22 00:26:34 INFO: Server started, listening on 50051
2024-10-22 00:26:40 INFO: 3 login
2024-10-22 00:33:16 INFO: 3 login
2024-10-22 00:47:59 INFO: 3 login
2024-10-22 00:58:51 INFO: Server started, listening on 50051
2024-10-22 01:02:13 INFO: 3 login
2024-10-22 01:04:09 INFO: 3 login
2024-10-22 01:28:36 INFO: 3 login
2024-10-22 01:30:12 INFO: 3 login
2024-10-22 01:32:36 INFO: Server started, listening on 50051
2024-10-22 01:32:53 INFO: 3 login
2024-10-22 01:33:18 INFO: 3 login
2024-10-22 01:33:40 INFO: 3 login
2024-10-22 01:36:17 INFO: 3 login
2024-10-22 01:39:20 INFO: 3 login
2024-10-22 01:40:49 INFO: 3 login
2024-10-22 01:43:17 INFO: 3 login
2024-10-22 01:44:28 INFO: 3 login
2024-10-22 01:49:19 INFO: Server started, listening on 50051
2024-10-22 01:49:27 INFO: 3 login
2024-10-22 01:53:07 INFO: 3 login
2024-10-22 01:53:50 INFO: 3 login
2024-10-22 01:56:29 INFO: 3 login
2024-10-22 01:57:27 INFO: 3 login
2024-10-22 01:57:29 INFO: 3 enroll 2
2024-10-22 01:58:58 INFO: 3 login
2024-10-22 01:59:30 INFO: 3 login
2024-10-22 02:00:10 INFO: 3 login
2024-10-22 02:01:15 INFO: 3 login
2024-10-22 02:02:04 INFO: 3 login
2024-10-22 09:23:45 INFO: Server started, listening on 50051
2024-10-22 09:24:13 INFO: 3 login
2024-10-22 09:25:34 INFO: 3 login
2024-10-22 09:29:28 INFO: 3 login
2024-10-22 09:29:48 INFO: 1 login
2024-10-22 09:58:41 INFO: Server started, listening on 50051
2024-10-22 09:58:58 INFO: 3 login
2024-10-22 09:59:11 INFO: 1 login
2024-10-22 10:00:19 INFO: 1 login
2024-10-22 10:06:51 INFO: Server started, listening on 50051
2024-10-22 10:07:05 INFO: 3 login
2024-10-22 10:08:21 INFO: Server started, listening on 50051
2024-10-22 10:08:28 INFO: 3 login
2024-10-22 10:09:47 INFO: Server started, listening on 50051
2024-10-22 10:10:02 INFO: 3 login
2024-10-22 10:12:13 INFO: 1 login
2024-10-22 10:19:05 INFO: Server started, listening on 50051
2024-10-22 10:19:23 INFO: 1 login
2024-10-22 10:22:20 INFO: 1 login
2024-10-22 10:22:36 INFO: Server started, listening on 50051
2024-10-22 10:22:48 INFO: 1 login
2024-10-22 10:23:40 INFO: 1 login
2024-10-22 10:25:00 INFO: Server started, listening on 50051
2024-10-22 10:25:19 INFO: 1 login
2024-10-22 10:27:15 INFO: Server started, listening on 50051
2024-10-22 10:27:32 INFO: 3 login
2024-10-22 10:27:39 INFO: 1 login
2024-10-22 10:30:38 INFO: Server started, listening on 50051
2024-10-22 10:30:45 INFO: 1 login
2024-10-22 10:31:28 INFO: Server started, listening on 50051
2024-10-22 10:31:34 INFO: 1 login
2024-10-22 10:38:20 INFO: Server started, listening on 50051
2024-10-22 10:38:25 INFO: 1 login
2024-10-22 10:39:47 INFO: Server started, listening on 50051
2024-10-22 10:39:57 INFO: 1 login
2024-10-22 10:41:17 INFO: Server started, listening on 50051
2024-10-22 10:41:28 INFO: 1 login
2024-10-22 10:41:36 INFO: 1 login
2024-10-22 10:43:18 INFO: Server started, listening on 50051
2024-10-22 10:43:56 INFO: 1 login
2024-10-25 13:29:10 INFO: Server started, listening on 50051
2024-10-25 13:29:37 INFO: 6 join
2024-10-25 13:53:05 INFO: 1 login
2024-10-25 13:54:34 INFO: 6 login
2024-10-25 14:10:40 INFO: 1 login
2024-10-25 14:20:07 INFO: 6 join
2024-10-25 14:20:10 INFO: 6 login
2024-10-25 14:20:14 INFO: 1 login
2024-10-25 14:20:39 INFO: Server started, listening on 50051
2024-10-25 14:22:14 INFO: 1 login
2024-10-25 14:22:21 INFO: 6 join
2024-10-25 14:22:23 INFO: 1 login
2024-10-25 14:23:16 INFO: Server started, listening on 50051
2024-10-25 14:23:32 INFO: 6 join
2024-10-25 14:23:35 INFO: 1 login
2024-10-25 14:23:37 INFO: 6 deleteStudent
2024-10-25 14:31:24 INFO: 3 join
2024-10-25 14:31:26 INFO: 1 login
2024-10-25 14:32:18 INFO: 3 enroll 12345
2024-10-25 14:55:38 INFO: 3 drop 17652
2024-10-25 15:03:38 INFO: Server started, listening on 50051
2024-10-25 15:04:00 INFO: Server started, listening on 50051
2024-10-25 15:08:57 INFO: 6 addCourse
2024-10-25 15:09:17 INFO: 7 addCourse
2024-10-25 15:20:55 INFO: 1 login
2024-10-25 15:21:44 INFO: 1 login
2024-10-25 15:22:20 INFO: 1 login
2024-10-25 15:23:01 INFO: 7 deleteCourse
2024-10-25 15:24:25 INFO: 3 login
2024-10-25 15:26:28 INFO: 3 drop 12345
